<?xml version="1.0" encoding="UTF-8"?>
<!-- Generated by org.testng.reporters.JUnitReportReporter -->
<testsuite hostname="ODA-L-011" failures="0" tests="2" name="testclasses.BrowserTestPOM" time="35.887" errors="0" timestamp="29 Jul 2018 20:25:49 GMT" skipped="1">
  <testcase classname="testclasses.BrowserTestPOM" name="CartTest" time="35.887"/>
  <testcase classname="testclasses.BrowserTestPOM" name="LoginTestExtended">
    <skipped/>
  </testcase> <!-- LoginTestExtended -->
</testsuite> <!-- testclasses.BrowserTestPOM -->
