<?xml version="1.0" encoding="UTF-8"?>
<!-- Generated by org.testng.reporters.JUnitReportReporter -->
<testsuite hostname="ODA-L-011" failures="0" tests="1" name="com.test.BrowserTest" time="5.135" errors="0" timestamp="28 Jul 2018 23:37:04 GMT" skipped="0">
  <testcase classname="com.test.BrowserTest" name="LaunchApplication" time="5.135"/>
</testsuite> <!-- com.test.BrowserTest -->
