<?xml version="1.0" encoding="UTF-8"?>
<!-- Generated by org.testng.reporters.JUnitReportReporter -->
<testsuite hostname="ODA-L-011" failures="0" tests="1" name="com.horizonhobby.ecom.TestClasses" time="9.871" errors="0" timestamp="31 Jul 2018 05:47:31 GMT" skipped="0">
  <testcase classname="com.horizonhobby.ecom.TestClasses" name="HHWorkflow" time="9.871"/>
</testsuite> <!-- com.horizonhobby.ecom.TestClasses -->
