<?xml version="1.0" encoding="UTF-8"?>
<!-- Generated by org.testng.reporters.JUnitReportReporter -->
<testsuite hostname="ODA-L-011" failures="0" tests="1" name="com.horizonhobby.ecom.TestProductSearch" time="3.761" errors="0" timestamp="31 Jul 2018 21:14:34 GMT" skipped="0">
  <testcase classname="com.horizonhobby.ecom.TestProductSearch" name="Search" time="3.761"/>
</testsuite> <!-- com.horizonhobby.ecom.TestProductSearch -->
