<?xml version="1.0" encoding="UTF-8"?>
<!-- Generated by org.testng.reporters.JUnitReportReporter -->
<testsuite hostname="ODA-L-011" failures="0" tests="1" name="com.horizonhobby.ecom.TestLaunch" time="1.752" errors="0" timestamp="31 Jul 2018 06:27:07 GMT" skipped="0">
  <testcase classname="com.horizonhobby.ecom.TestLaunch" name="HHLaunch" time="1.752"/>
</testsuite> <!-- com.horizonhobby.ecom.TestLaunch -->
