<?xml version="1.0" encoding="UTF-8"?>
<!-- Generated by org.testng.reporters.JUnitReportReporter -->
<testsuite hostname="ODA-L-011" failures="0" tests="1" name="com.horizonhobby.ecom.TestProductSearch" time="14.170" errors="0" timestamp="31 Jul 2018 06:27:46 GMT" skipped="0">
  <testcase classname="com.horizonhobby.ecom.TestProductSearch" name="Search" time="14.170"/>
</testsuite> <!-- com.horizonhobby.ecom.TestProductSearch -->
